<?xml version="1.0" encoding="UTF-8"?>
<!-- Generated by org.testng.reporters.JUnitXMLReporter -->
<testsuite hostname="CH-ADN-H84LHM2" ignored="0" name="GoogleSearchAdesso" tests="2" failures="0" timestamp="15 Feb 2018 14:20:58 GMT" time="0.033" errors="0">
  <testcase name="@BeforeTest startWebDriver" time="0.0" classname="asf.asf.general.Selenium">
    <failure type="org.testng.TestNGException" message="
Parameter &amp;apos;browser&amp;apos; is required by BeforeTest on method startWebDriver but has not been marked @Optional or defined
in C:\Users\nicky.vuerstaek\eclipse-workspace\asf\src\test\java\asf\asf\google\tests\GoogleSearchAdesso.xml">
      <![CDATA[org.testng.TestNGException: 
Parameter 'browser' is required by BeforeTest on method startWebDriver but has not been marked @Optional or defined
in C:\Users\nicky.vuerstaek\eclipse-workspace\asf\src\test\java\asf\asf\google\tests\GoogleSearchAdesso.xml
... Removed 21 stack frames]]>
    </failure>
  </testcase> <!-- @BeforeTest startWebDriver -->
  <testcase name="@BeforeTest setUrl" time="0.0" classname="asf.asf.general.Selenium">
    <skipped/>
  </testcase> <!-- @BeforeTest setUrl -->
  <testcase name="@AfterTest quit" time="0.002" classname="asf.asf.general.Selenium">
    <failure type="java.lang.NullPointerException">
      <![CDATA[java.lang.NullPointerException
at asf.asf.general.Selenium.quit(Selenium.java:85)
... Removed 24 stack frames]]>
    </failure>
  </testcase> <!-- @AfterTest quit -->
  <testcase name="googleSearch" time="0.0" classname="asf.asf.google.scripts.GoogleSearch">
    <skipped/>
  </testcase> <!-- googleSearch -->
  <testcase name="googleVerifySpanText" time="0.0" classname="asf.asf.google.scripts.GoogleSearch">
    <skipped/>
  </testcase> <!-- googleVerifySpanText -->
</testsuite> <!-- GoogleSearchAdesso -->
